nohup: ignoring input
INFO [09-11|06:02:31.936] Maximum peer count                       ETH=50 LES=0 total=50
WARN [09-11|06:02:31.936] The flag --rpc is deprecated and will be removed in the future, please use --http 
WARN [09-11|06:02:31.936] The flag --rpcaddr is deprecated and will be removed in the future, please use --http.addr 
WARN [09-11|06:02:31.936] The flag --rpcport is deprecated and will be removed in the future, please use --http.port 
WARN [09-11|06:02:31.936] The flag --rpcapi is deprecated and will be removed in the future, please use --http.api 
WARN [09-11|06:02:31.936] The flag --rpcvhosts is deprecated and will be removed in the future, please use --http.vhosts 
WARN [09-11|06:02:31.936] The flag --wsaddr is deprecated and will be removed in the future, please use --ws.addr 
WARN [09-11|06:02:31.936] The flag --wsport is deprecated and will be removed in the future, please use --ws.port 
WARN [09-11|06:02:31.936] The flag --wsorigins is deprecated and will be removed in the future, please use --ws.origins 
INFO [09-11|06:02:31.936] Smartcard socket not found, disabling    err="stat /run/pcscd/pcscd.comm: no such file or directory"
INFO [09-11|06:02:31.937] Set global gas cap                       cap=25000000
INFO [09-11|06:02:31.937] Allocated trie memory caches             clean=256.00MiB dirty=256.00MiB
INFO [09-11|06:02:31.937] Allocated cache and file handles         database=/home/chunqizhi/gopath/src/github.com/chunqizhi/chaojigongshi-dapp/backup/data/geth/chaindata cache=512.00MiB handles=524288
INFO [09-11|06:02:32.017] Opened ancient database                  database=/home/chunqizhi/gopath/src/github.com/chunqizhi/chaojigongshi-dapp/backup/data/geth/chaindata/ancient
INFO [09-11|06:02:32.017] Initialised chain configuration          config="{ChainID: 4857 Homestead: 0 DAO: <nil> DAOSupport: false EIP150: 0 EIP155: 0 EIP158: 0 Byzantium: 0 Constantinople: 0 Petersburg: <nil> Istanbul: <nil>, Muir Glacier: <nil>, YOLO v1: <nil>, Engine: unknown}"
INFO [09-11|06:02:32.017] Disk storage enabled for ethash caches   dir=/home/chunqizhi/gopath/src/github.com/chunqizhi/chaojigongshi-dapp/backup/data/geth/ethash count=3
INFO [09-11|06:02:32.017] Disk storage enabled for ethash DAGs     dir=/home/chunqizhi/.ethash count=2
INFO [09-11|06:02:32.017] Initialising Ethereum protocol           versions="[65 64 63]" network=4857 dbversion=<nil>
WARN [09-11|06:02:32.017] Upgrade blockchain database version      from=<nil> to=7
INFO [09-11|06:02:32.018] Loaded most recent local header          number=0 hash="d6c318…9db8b9" td=4194304 age=51y5mo6d
INFO [09-11|06:02:32.018] Loaded most recent local full block      number=0 hash="d6c318…9db8b9" td=4194304 age=51y5mo6d
INFO [09-11|06:02:32.018] Loaded most recent local fast block      number=0 hash="d6c318…9db8b9" td=4194304 age=51y5mo6d
INFO [09-11|06:02:32.018] Regenerated local transaction journal    transactions=0 accounts=0
INFO [09-11|06:02:32.028] Allocated fast sync bloom                size=512.00MiB
INFO [09-11|06:02:32.029] Starting peer-to-peer node               instance=Geth/v1.9.19-stable-fe72feb8/linux-amd64/go1.15
INFO [09-11|06:02:32.030] Initialized fast sync bloom              items=1 errorrate=0.000 elapsed=1.403ms
INFO [09-11|06:02:32.042] New local node record                    seq=1 id=908d1c0265efccf0 ip=127.0.0.1 udp=30304 tcp=30304
INFO [09-11|06:02:32.043] Started P2P networking                   self=enode://b6dc149f894ffdedebec3a2bad9d89c9eec45fcb0f96714d604a3aa04dce00803d752e7c801596b4964f7885e31b00e2e918db5e217bab9755edccafe72b6af1@127.0.0.1:30304
INFO [09-11|06:02:32.043] IPC endpoint opened                      url=/home/chunqizhi/gopath/src/github.com/chunqizhi/chaojigongshi-dapp/backup/data/geth.ipc
INFO [09-11|06:02:32.044] HTTP server started                      endpoint=[::]:9545 cors= vhosts=*
INFO [09-11|06:02:32.044] WebSocket enabled                        url=ws://[::]:9546
INFO [09-11|06:02:33.760] New local node record                    seq=2 id=908d1c0265efccf0 ip=113.65.229.130 udp=25765 tcp=30304
WARN [09-11|06:02:36.667] Served eth_coinbase                      reqid=3 t="22.037µs" err="etherbase must be explicitly specified"
INFO [09-11|06:02:52.442] Looking for peers                        peercount=1 tried=18 static=0
INFO [09-11|06:02:52.627] Got interrupt, shutting down... 
INFO [09-11|06:02:53.128] HTTP server stopped                      endpoint=[::]:9545
INFO [09-11|06:02:53.629] HTTP server stopped                      endpoint=[::]:9546
INFO [09-11|06:02:53.629] IPC endpoint closed                      url=/home/chunqizhi/gopath/src/github.com/chunqizhi/chaojigongshi-dapp/backup/data/geth.ipc
INFO [09-11|06:02:53.635] Deallocated fast sync bloom              items=1 errorrate=0.000
INFO [09-11|06:02:54.043] Ethereum protocol stopped 
INFO [09-11|06:02:54.043] Transaction pool stopped 
INFO [09-11|06:02:54.043] Writing clean trie cache to disk         path=/home/chunqizhi/gopath/src/github.com/chunqizhi/chaojigongshi-dapp/backup/data/geth/triecache threads=4
INFO [09-11|06:02:54.045] Persisted the clean trie cache           path=/home/chunqizhi/gopath/src/github.com/chunqizhi/chaojigongshi-dapp/backup/data/geth/triecache elapsed=1.574ms
INFO [09-11|06:02:54.045] Blockchain stopped 
